==15564== Memcheck, a memory error detector
==15564== Copyright (C) 2002-2017, and GNU GPL'd, by Julian Seward et al.
==15564== Using Valgrind-3.15.0-608cb11914-20190413 and LibVEX; rerun with -h for copyright info
==15564== Command: ./pa2 -b examples/ops3.b tree3.b
==15564== Parent PID: 15563
==15564== 
--15564-- 
--15564-- Valgrind options:
--15564--    --tool=memcheck
--15564--    --verbose
--15564--    --log-file=./valgrind.log
--15564-- Contents of /proc/version:
--15564--   Linux version 3.10.0-1160.25.1.el7.x86_64 (mockbuild@kbuilder.bsys.centos.org) (gcc version 4.8.5 20150623 (Red Hat 4.8.5-44) (GCC) ) #1 SMP Wed Apr 28 21:49:45 UTC 2021
--15564-- 
--15564-- Arch and hwcaps: AMD64, LittleEndian, amd64-cx16-lzcnt-rdtscp-sse3-ssse3-avx-avx2-bmi-f16c-rdrand
--15564-- Page sizes: currently 4096, max supported 4096
--15564-- Valgrind library directory: /usr/libexec/valgrind
--15564-- Reading syms from /home/shay/a/jgentne/ECE 368/PA2/pa2-jgentne/pa2
--15564-- Reading syms from /usr/lib64/ld-2.17.so
--15564--   Considering /usr/lib/debug/.build-id/62/c449974331341bb08dcce3859560a22af1e172.debug ..
--15564--   .. build-id is valid
--15564-- Reading syms from /usr/libexec/valgrind/memcheck-amd64-linux
--15564--    object doesn't have a symbol table
--15564--    object doesn't have a dynamic symbol table
--15564-- Scheduler: using generic scheduler lock implementation.
--15564-- Reading suppressions file: /usr/libexec/valgrind/default.supp
==15564== embedded gdbserver: reading from /tmp/vgdb-pipe-from-vgdb-to-15564-by-jgentne-on-ecegrid-thin7.ecn.purdue.edu
==15564== embedded gdbserver: writing to   /tmp/vgdb-pipe-to-vgdb-from-15564-by-jgentne-on-ecegrid-thin7.ecn.purdue.edu
==15564== embedded gdbserver: shared mem   /tmp/vgdb-pipe-shared-mem-vgdb-15564-by-jgentne-on-ecegrid-thin7.ecn.purdue.edu
==15564== 
==15564== TO CONTROL THIS PROCESS USING vgdb (which you probably
==15564== don't want to do, unless you know exactly what you're doing,
==15564== or are doing some strange experiment):
==15564==   /usr/libexec/valgrind/../../bin/vgdb --pid=15564 ...command...
==15564== 
==15564== TO DEBUG THIS PROCESS USING GDB: start GDB like this
==15564==   /path/to/gdb ./pa2
==15564== and then give GDB the following command
==15564==   target remote | /usr/libexec/valgrind/../../bin/vgdb --pid=15564
==15564== --pid is optional if only one valgrind process is running
==15564== 
--15564-- REDIR: 0x4019e40 (ld-linux-x86-64.so.2:strlen) redirected to 0x580c7ed5 (???)
--15564-- REDIR: 0x4019c10 (ld-linux-x86-64.so.2:index) redirected to 0x580c7eef (???)
--15564-- Reading syms from /usr/libexec/valgrind/vgpreload_core-amd64-linux.so
--15564-- Reading syms from /usr/libexec/valgrind/vgpreload_memcheck-amd64-linux.so
==15564== WARNING: new redirection conflicts with existing -- ignoring it
--15564--     old: 0x04019e40 (strlen              ) R-> (0000.0) 0x580c7ed5 ???
--15564--     new: 0x04019e40 (strlen              ) R-> (2007.0) 0x04c2d1b0 strlen
--15564-- REDIR: 0x4019dc0 (ld-linux-x86-64.so.2:strcmp) redirected to 0x4c2e300 (strcmp)
--15564-- REDIR: 0x401aa80 (ld-linux-x86-64.so.2:mempcpy) redirected to 0x4c31f90 (mempcpy)
--15564-- Reading syms from /usr/lib64/libc-2.17.so
--15564--   Considering /usr/lib/debug/.build-id/a3/17b42b15368adcae21c11107691a03ec91059d.debug ..
--15564--   .. build-id is valid
--15564-- REDIR: 0x4ec71c0 (libc.so.6:strcasecmp) redirected to 0x4a247a0 (_vgnU_ifunc_wrapper)
--15564-- REDIR: 0x4ec3f40 (libc.so.6:strnlen) redirected to 0x4a247a0 (_vgnU_ifunc_wrapper)
--15564-- REDIR: 0x4ec9490 (libc.so.6:strncasecmp) redirected to 0x4a247a0 (_vgnU_ifunc_wrapper)
--15564-- REDIR: 0x4ec69a0 (libc.so.6:memset) redirected to 0x4a247a0 (_vgnU_ifunc_wrapper)
--15564-- REDIR: 0x4ec6950 (libc.so.6:memcpy@GLIBC_2.2.5) redirected to 0x4a247a0 (_vgnU_ifunc_wrapper)
--15564-- REDIR: 0x4ec5930 (libc.so.6:__GI_strrchr) redirected to 0x4c2cb70 (__GI_strrchr)
--15564-- REDIR: 0x4ebc740 (libc.so.6:malloc) redirected to 0x4c29eec (malloc)
--15564-- REDIR: 0x4edc9b0 (libc.so.6:__GI_strstr) redirected to 0x4c32220 (__strstr_sse2)
--15564-- REDIR: 0x4ecbbd0 (libc.so.6:__GI_memcpy) redirected to 0x4c2efb0 (__GI_memcpy)
--15564-- REDIR: 0x4ebcb60 (libc.so.6:free) redirected to 0x4c2afe6 (free)
--15564-- REDIR: 0x4ec6b70 (libc.so.6:__GI_mempcpy) redirected to 0x4c31cc0 (__GI_mempcpy)
--15564-- REDIR: 0x4ecd450 (libc.so.6:strchrnul) redirected to 0x4c31ab0 (strchrnul)
==15564== 
==15564== HEAP SUMMARY:
==15564==     in use at exit: 0 bytes in 0 blocks
==15564==   total heap usage: 27 allocs, 27 frees, 1,736 bytes allocated
==15564== 
==15564== All heap blocks were freed -- no leaks are possible
==15564== 
==15564== ERROR SUMMARY: 0 errors from 0 contexts (suppressed: 0 from 0)
